  [1m[36m (30.1ms)[0m  [1mCREATE TABLE "schema_migrations" ("version" varchar(255) NOT NULL) [0m
  [1m[35m (8.2ms)[0m  CREATE UNIQUE INDEX "unique_schema_migrations" ON "schema_migrations" ("version")
  [1m[36mActiveRecord::SchemaMigration Load (0.1ms)[0m  [1mSELECT "schema_migrations".* FROM "schema_migrations"[0m
Migrating to CreateExaminations (20130811012120)
  [1m[35m (0.1ms)[0m  begin transaction
  [1m[36m (0.3ms)[0m  [1mCREATE TABLE "examinations" ("id" INTEGER PRIMARY KEY AUTOINCREMENT NOT NULL, "study" varchar(255), "name" varchar(255), "voltage" varchar(255), "current" varchar(255), "exposure" varchar(255), "created_at" datetime, "updated_at" datetime) [0m
  [1m[35mSQL (0.2ms)[0m  INSERT INTO "schema_migrations" ("version") VALUES (?)  [["version", "20130811012120"]]
  [1m[36m (5.5ms)[0m  [1mcommit transaction[0m
  [1m[35mActiveRecord::SchemaMigration Load (0.1ms)[0m  SELECT "schema_migrations".* FROM "schema_migrations"


Started GET "/" for 127.0.0.1 at 2013-08-10 21:28:30 -0400
  [1m[36mActiveRecord::SchemaMigration Load (0.1ms)[0m  [1mSELECT "schema_migrations".* FROM "schema_migrations"[0m
Processing by Rails::WelcomeController#index as HTML
  Rendered /home/parallels/.rvm/gems/ruby-2.0.0-p247/gems/railties-4.0.0/lib/rails/templates/rails/welcome/index.html.erb (2.3ms)
Completed 200 OK in 46ms (Views: 24.4ms | ActiveRecord: 0.0ms)


Started GET "/examinations" for 127.0.0.1 at 2013-08-10 21:33:54 -0400
  [1m[36mActiveRecord::SchemaMigration Load (0.1ms)[0m  [1mSELECT "schema_migrations".* FROM "schema_migrations"[0m

SyntaxError (/home/parallels/Source/IADSS/dicom/app/controllers/examinations_controller.rb:81: syntax error, unexpected keyword_end, expecting end-of-input):
  activesupport (4.0.0) lib/active_support/dependencies.rb:423:in `load'
  activesupport (4.0.0) lib/active_support/dependencies.rb:423:in `block in load_file'
  activesupport (4.0.0) lib/active_support/dependencies.rb:615:in `new_constants_in'
  activesupport (4.0.0) lib/active_support/dependencies.rb:422:in `load_file'
  activesupport (4.0.0) lib/active_support/dependencies.rb:323:in `require_or_load'
  activesupport (4.0.0) lib/active_support/dependencies.rb:462:in `load_missing_constant'
  activesupport (4.0.0) lib/active_support/dependencies.rb:183:in `const_missing'
  activesupport (4.0.0) lib/active_support/inflector/methods.rb:226:in `const_get'
  activesupport (4.0.0) lib/active_support/inflector/methods.rb:226:in `block in constantize'
  activesupport (4.0.0) lib/active_support/inflector/methods.rb:224:in `each'
  activesupport (4.0.0) lib/active_support/inflector/methods.rb:224:in `inject'
  activesupport (4.0.0) lib/active_support/inflector/methods.rb:224:in `constantize'
  activesupport (4.0.0) lib/active_support/dependencies.rb:534:in `get'
  activesupport (4.0.0) lib/active_support/dependencies.rb:565:in `constantize'
  actionpack (4.0.0) lib/action_dispatch/routing/route_set.rb:76:in `controller_reference'
  actionpack (4.0.0) lib/action_dispatch/routing/route_set.rb:66:in `controller'
  actionpack (4.0.0) lib/action_dispatch/routing/route_set.rb:44:in `call'
  actionpack (4.0.0) lib/action_dispatch/journey/router.rb:71:in `block in call'
  actionpack (4.0.0) lib/action_dispatch/journey/router.rb:59:in `each'
  actionpack (4.0.0) lib/action_dispatch/journey/router.rb:59:in `call'
  actionpack (4.0.0) lib/action_dispatch/routing/route_set.rb:655:in `call'
  rack (1.5.2) lib/rack/etag.rb:23:in `call'
  rack (1.5.2) lib/rack/conditionalget.rb:25:in `call'
  rack (1.5.2) lib/rack/head.rb:11:in `call'
  actionpack (4.0.0) lib/action_dispatch/middleware/params_parser.rb:27:in `call'
  actionpack (4.0.0) lib/action_dispatch/middleware/flash.rb:241:in `call'
  rack (1.5.2) lib/rack/session/abstract/id.rb:225:in `context'
  rack (1.5.2) lib/rack/session/abstract/id.rb:220:in `call'
  actionpack (4.0.0) lib/action_dispatch/middleware/cookies.rb:486:in `call'
  activerecord (4.0.0) lib/active_record/query_cache.rb:36:in `call'
  activerecord (4.0.0) lib/active_record/connection_adapters/abstract/connection_pool.rb:626:in `call'
  activerecord (4.0.0) lib/active_record/migration.rb:369:in `call'
  actionpack (4.0.0) lib/action_dispatch/middleware/callbacks.rb:29:in `block in call'
  activesupport (4.0.0) lib/active_support/callbacks.rb:373:in `_run__612467591988465846__call__callbacks'
  activesupport (4.0.0) lib/active_support/callbacks.rb:80:in `run_callbacks'
  actionpack (4.0.0) lib/action_dispatch/middleware/callbacks.rb:27:in `call'
  actionpack (4.0.0) lib/action_dispatch/middleware/reloader.rb:64:in `call'
  actionpack (4.0.0) lib/action_dispatch/middleware/remote_ip.rb:76:in `call'
  actionpack (4.0.0) lib/action_dispatch/middleware/debug_exceptions.rb:17:in `call'
  actionpack (4.0.0) lib/action_dispatch/middleware/show_exceptions.rb:30:in `call'
  railties (4.0.0) lib/rails/rack/logger.rb:38:in `call_app'
  railties (4.0.0) lib/rails/rack/logger.rb:21:in `block in call'
  activesupport (4.0.0) lib/active_support/tagged_logging.rb:67:in `block in tagged'
  activesupport (4.0.0) lib/active_support/tagged_logging.rb:25:in `tagged'
  activesupport (4.0.0) lib/active_support/tagged_logging.rb:67:in `tagged'
  railties (4.0.0) lib/rails/rack/logger.rb:21:in `call'
  actionpack (4.0.0) lib/action_dispatch/middleware/request_id.rb:21:in `call'
  rack (1.5.2) lib/rack/methodoverride.rb:21:in `call'
  rack (1.5.2) lib/rack/runtime.rb:17:in `call'
  activesupport (4.0.0) lib/active_support/cache/strategy/local_cache.rb:83:in `call'
  rack (1.5.2) lib/rack/lock.rb:17:in `call'
  actionpack (4.0.0) lib/action_dispatch/middleware/static.rb:64:in `call'
  railties (4.0.0) lib/rails/engine.rb:511:in `call'
  railties (4.0.0) lib/rails/application.rb:97:in `call'
  rack (1.5.2) lib/rack/lock.rb:17:in `call'
  rack (1.5.2) lib/rack/content_length.rb:14:in `call'
  rack (1.5.2) lib/rack/handler/webrick.rb:60:in `service'
  /home/parallels/.rvm/rubies/ruby-2.0.0-p247/lib/ruby/2.0.0/webrick/httpserver.rb:138:in `service'
  /home/parallels/.rvm/rubies/ruby-2.0.0-p247/lib/ruby/2.0.0/webrick/httpserver.rb:94:in `run'
  /home/parallels/.rvm/rubies/ruby-2.0.0-p247/lib/ruby/2.0.0/webrick/server.rb:295:in `block in start_thread'


  Rendered /home/parallels/.rvm/gems/ruby-2.0.0-p247/gems/actionpack-4.0.0/lib/action_dispatch/middleware/templates/rescues/_source.erb (1.6ms)
  Rendered /home/parallels/.rvm/gems/ruby-2.0.0-p247/gems/actionpack-4.0.0/lib/action_dispatch/middleware/templates/rescues/_trace.erb (1.1ms)
  Rendered /home/parallels/.rvm/gems/ruby-2.0.0-p247/gems/actionpack-4.0.0/lib/action_dispatch/middleware/templates/rescues/_request_and_response.erb (20.3ms)
  Rendered /home/parallels/.rvm/gems/ruby-2.0.0-p247/gems/actionpack-4.0.0/lib/action_dispatch/middleware/templates/rescues/diagnostics.erb within rescues/layout (36.5ms)


Started GET "/examinations" for 127.0.0.1 at 2013-08-10 21:35:05 -0400
  [1m[36mActiveRecord::SchemaMigration Load (0.1ms)[0m  [1mSELECT "schema_migrations".* FROM "schema_migrations"[0m
Processing by ExaminationsController#index as HTML
DEPRECATION WARNING: Calling #find(:all) is deprecated. Please call #all directly instead. (called from index at /home/parallels/Source/IADSS/dicom/app/controllers/examinations_controller.rb:7)
DEPRECATION WARNING: Relation#all is deprecated. If you want to eager-load a relation, you can call #load (e.g. `Post.where(published: true).load`). If you want to get an array of records from a relation, you can call #to_a (e.g. `Post.where(published: true).to_a`). (called from index at /home/parallels/Source/IADSS/dicom/app/controllers/examinations_controller.rb:7)
  [1m[35mExamination Load (0.1ms)[0m  SELECT "examinations".* FROM "examinations"
  Rendered examinations/index.html.erb within layouts/application (1.3ms)
Completed 200 OK in 715ms (Views: 690.0ms | ActiveRecord: 1.1ms)


Started GET "/assets/application.css?body=1" for 127.0.0.1 at 2013-08-10 21:35:06 -0400


Started GET "/assets/scaffolds.css?body=1" for 127.0.0.1 at 2013-08-10 21:35:06 -0400


Started GET "/assets/examinations.css?body=1" for 127.0.0.1 at 2013-08-10 21:35:06 -0400


Started GET "/assets/examinations.js?body=1" for 127.0.0.1 at 2013-08-10 21:35:06 -0400


Started GET "/assets/application.js?body=1" for 127.0.0.1 at 2013-08-10 21:35:06 -0400


Started GET "/assets/turbolinks.js?body=1" for 127.0.0.1 at 2013-08-10 21:35:06 -0400


Started GET "/assets/jquery_ujs.js?body=1" for 127.0.0.1 at 2013-08-10 21:35:06 -0400


Started GET "/assets/jquery.js?body=1" for 127.0.0.1 at 2013-08-10 21:35:06 -0400


Started GET "/examinations" for 127.0.0.1 at 2013-08-10 21:35:12 -0400
Processing by ExaminationsController#index as HTML
DEPRECATION WARNING: Calling #find(:all) is deprecated. Please call #all directly instead. (called from index at /home/parallels/Source/IADSS/dicom/app/controllers/examinations_controller.rb:7)
DEPRECATION WARNING: Relation#all is deprecated. If you want to eager-load a relation, you can call #load (e.g. `Post.where(published: true).load`). If you want to get an array of records from a relation, you can call #to_a (e.g. `Post.where(published: true).to_a`). (called from index at /home/parallels/Source/IADSS/dicom/app/controllers/examinations_controller.rb:7)
  [1m[36mExamination Load (0.2ms)[0m  [1mSELECT "examinations".* FROM "examinations"[0m
  Rendered examinations/index.html.erb within layouts/application (0.5ms)
Completed 200 OK in 6ms (Views: 4.0ms | ActiveRecord: 0.2ms)


Started GET "/examinations" for 127.0.0.1 at 2013-08-10 21:35:14 -0400
Processing by ExaminationsController#index as HTML
DEPRECATION WARNING: Calling #find(:all) is deprecated. Please call #all directly instead. (called from index at /home/parallels/Source/IADSS/dicom/app/controllers/examinations_controller.rb:7)
DEPRECATION WARNING: Relation#all is deprecated. If you want to eager-load a relation, you can call #load (e.g. `Post.where(published: true).load`). If you want to get an array of records from a relation, you can call #to_a (e.g. `Post.where(published: true).to_a`). (called from index at /home/parallels/Source/IADSS/dicom/app/controllers/examinations_controller.rb:7)
  [1m[35mExamination Load (0.1ms)[0m  SELECT "examinations".* FROM "examinations"
  Rendered examinations/index.html.erb within layouts/application (0.2ms)
Completed 200 OK in 34ms (Views: 32.9ms | ActiveRecord: 0.1ms)
