0 info it worked if it ends with ok
1 verbose cli [ '/usr/bin/node', '/usr/bin/npm', 'update', '-g', 'bower' ]
2 info using npm@1.3.8
3 info using node@v0.10.17
4 verbose node symlink /usr/bin/node
5 verbose cache add [ 'bower', '*' ]
6 verbose cache add name="bower" spec="*" args=["bower","*"]
7 verbose parsed url { protocol: null,
7 verbose parsed url   slashes: null,
7 verbose parsed url   auth: null,
7 verbose parsed url   host: null,
7 verbose parsed url   port: null,
7 verbose parsed url   hostname: null,
7 verbose parsed url   hash: null,
7 verbose parsed url   search: null,
7 verbose parsed url   query: null,
7 verbose parsed url   pathname: '*',
7 verbose parsed url   path: '*',
7 verbose parsed url   href: '*' }
8 verbose addNamed [ 'bower', '*' ]
9 verbose addNamed [ null, '*' ]
10 silly lockFile b788227f-bower bower@*
11 verbose lock bower@* /home/parallels/.npm/b788227f-bower.lock
12 silly addNameRange { name: 'bower', range: '*', hasData: false }
13 verbose cache add [ 'bower', '~0.3.0' ]
14 verbose cache add name="bower" spec="~0.3.0" args=["bower","~0.3.0"]
15 verbose parsed url { protocol: null,
15 verbose parsed url   slashes: null,
15 verbose parsed url   auth: null,
15 verbose parsed url   host: null,
15 verbose parsed url   port: null,
15 verbose parsed url   hostname: null,
15 verbose parsed url   hash: null,
15 verbose parsed url   search: null,
15 verbose parsed url   query: null,
15 verbose parsed url   pathname: '~0.3.0',
15 verbose parsed url   path: '~0.3.0',
15 verbose parsed url   href: '~0.3.0' }
16 verbose addNamed [ 'bower', '~0.3.0' ]
17 verbose addNamed [ null, '>=0.3.0-0 <0.4.0-0' ]
18 silly lockFile 3741dbef-bower-0-3-0 bower@~0.3.0
19 verbose lock bower@~0.3.0 /home/parallels/.npm/3741dbef-bower-0-3-0.lock
20 silly addNameRange { name: 'bower', range: '>=0.3.0-0 <0.4.0-0', hasData: false }
21 verbose url raw bower
22 verbose url resolving [ 'https://registry.npmjs.org/', './bower' ]
23 verbose url resolved https://registry.npmjs.org/bower
24 info trying registry request attempt 1 at 20:13:39
25 verbose etag "WUQAHEHPR85P2JTXWEOAC8OR"
26 http GET https://registry.npmjs.org/bower
27 verbose url raw bower
28 verbose url resolving [ 'https://registry.npmjs.org/', './bower' ]
29 verbose url resolved https://registry.npmjs.org/bower
30 info trying registry request attempt 1 at 20:13:39
31 verbose etag "WUQAHEHPR85P2JTXWEOAC8OR"
32 http GET https://registry.npmjs.org/bower
33 http 200 https://registry.npmjs.org/bower
34 silly registry.get cb [ 200,
34 silly registry.get   { vary: 'Accept',
34 silly registry.get     server: 'CouchDB/1.3.1 (Erlang OTP/R15B03)',
34 silly registry.get     etag: '"7VG0LXJRJRWK3SJBXV2YINGMK"',
34 silly registry.get     date: 'Wed, 11 Sep 2013 00:13:39 GMT',
34 silly registry.get     'content-type': 'application/json',
34 silly registry.get     'content-length': '625931' } ]
35 silly addNameRange number 2 { name: 'bower', range: '>=0.3.0-0 <0.4.0-0', hasData: true }
36 silly addNameRange versions [ 'bower',
36 silly addNameRange   [ '0.1.0',
36 silly addNameRange     '0.1.2',
36 silly addNameRange     '0.1.3',
36 silly addNameRange     '0.2.0',
36 silly addNameRange     '0.3.0',
36 silly addNameRange     '0.3.1',
36 silly addNameRange     '0.3.2',
36 silly addNameRange     '0.4.0',
36 silly addNameRange     '0.5.0',
36 silly addNameRange     '0.5.1',
36 silly addNameRange     '0.6.0',
36 silly addNameRange     '0.6.1',
36 silly addNameRange     '0.6.2',
36 silly addNameRange     '0.6.3',
36 silly addNameRange     '0.6.4',
36 silly addNameRange     '0.6.5',
36 silly addNameRange     '0.6.6',
36 silly addNameRange     '0.6.7',
36 silly addNameRange     '0.6.8',
36 silly addNameRange     '0.7.0',
36 silly addNameRange     '0.7.1',
36 silly addNameRange     '0.8.0',
36 silly addNameRange     '0.8.1',
36 silly addNameRange     '0.8.2',
36 silly addNameRange     '0.8.3',
36 silly addNameRange     '0.8.4',
36 silly addNameRange     '0.8.5',
36 silly addNameRange     '0.8.6',
36 silly addNameRange     '0.9.0',
36 silly addNameRange     '0.9.1',
36 silly addNameRange     '0.9.2',
36 silly addNameRange     '0.10.0',
36 silly addNameRange     '1.0.0',
36 silly addNameRange     '1.0.1',
36 silly addNameRange     '1.0.2',
36 silly addNameRange     '1.0.3',
36 silly addNameRange     '1.1.0',
36 silly addNameRange     '1.1.1',
36 silly addNameRange     '1.1.2',
36 silly addNameRange     '1.2.0',
36 silly addNameRange     '1.2.1',
36 silly addNameRange     '1.2.2',
36 silly addNameRange     '1.2.3',
36 silly addNameRange     '1.2.4',
36 silly addNameRange     '1.2.5',
36 silly addNameRange     '1.2.6' ] ]
37 verbose addNamed [ 'bower', '0.3.2' ]
38 verbose addNamed [ '0.3.2', '0.3.2' ]
39 silly lockFile dc6374eb-bower-0-3-2 bower@0.3.2
40 verbose lock bower@0.3.2 /home/parallels/.npm/dc6374eb-bower-0-3-2.lock
41 silly lockFile dc6374eb-bower-0-3-2 bower@0.3.2
42 silly lockFile dc6374eb-bower-0-3-2 bower@0.3.2
43 silly lockFile 3741dbef-bower-0-3-0 bower@~0.3.0
44 silly lockFile 3741dbef-bower-0-3-0 bower@~0.3.0
45 http 200 https://registry.npmjs.org/bower
46 silly registry.get cb [ 200,
46 silly registry.get   { vary: 'Accept',
46 silly registry.get     server: 'CouchDB/1.3.1 (Erlang OTP/R15B03)',
46 silly registry.get     etag: '"7VG0LXJRJRWK3SJBXV2YINGMK"',
46 silly registry.get     date: 'Wed, 11 Sep 2013 00:13:39 GMT',
46 silly registry.get     'content-type': 'application/json',
46 silly registry.get     'content-length': '625931' } ]
47 silly addNameRange number 2 { name: 'bower', range: '*', hasData: true }
48 silly addNameRange versions [ 'bower',
48 silly addNameRange   [ '0.1.0',
48 silly addNameRange     '0.1.2',
48 silly addNameRange     '0.1.3',
48 silly addNameRange     '0.2.0',
48 silly addNameRange     '0.3.0',
48 silly addNameRange     '0.3.1',
48 silly addNameRange     '0.3.2',
48 silly addNameRange     '0.4.0',
48 silly addNameRange     '0.5.0',
48 silly addNameRange     '0.5.1',
48 silly addNameRange     '0.6.0',
48 silly addNameRange     '0.6.1',
48 silly addNameRange     '0.6.2',
48 silly addNameRange     '0.6.3',
48 silly addNameRange     '0.6.4',
48 silly addNameRange     '0.6.5',
48 silly addNameRange     '0.6.6',
48 silly addNameRange     '0.6.7',
48 silly addNameRange     '0.6.8',
48 silly addNameRange     '0.7.0',
48 silly addNameRange     '0.7.1',
48 silly addNameRange     '0.8.0',
48 silly addNameRange     '0.8.1',
48 silly addNameRange     '0.8.2',
48 silly addNameRange     '0.8.3',
48 silly addNameRange     '0.8.4',
48 silly addNameRange     '0.8.5',
48 silly addNameRange     '0.8.6',
48 silly addNameRange     '0.9.0',
48 silly addNameRange     '0.9.1',
48 silly addNameRange     '0.9.2',
48 silly addNameRange     '0.10.0',
48 silly addNameRange     '1.0.0',
48 silly addNameRange     '1.0.1',
48 silly addNameRange     '1.0.2',
48 silly addNameRange     '1.0.3',
48 silly addNameRange     '1.1.0',
48 silly addNameRange     '1.1.1',
48 silly addNameRange     '1.1.2',
48 silly addNameRange     '1.2.0',
48 silly addNameRange     '1.2.1',
48 silly addNameRange     '1.2.2',
48 silly addNameRange     '1.2.3',
48 silly addNameRange     '1.2.4',
48 silly addNameRange     '1.2.5',
48 silly addNameRange     '1.2.6' ] ]
49 verbose addNamed [ 'bower', '1.2.6' ]
50 verbose addNamed [ '1.2.6', '1.2.6' ]
51 silly lockFile 0ffe99e1-bower-1-2-6 bower@1.2.6
52 verbose lock bower@1.2.6 /home/parallels/.npm/0ffe99e1-bower-1-2-6.lock
53 silly lockFile 6ada2e9f--npmjs-org-bower-bower-1-2-6-tgz https://registry.npmjs.org/bower/-/bower-1.2.6.tgz
54 verbose lock https://registry.npmjs.org/bower/-/bower-1.2.6.tgz /home/parallels/.npm/6ada2e9f--npmjs-org-bower-bower-1-2-6-tgz.lock
55 verbose addRemoteTarball [ 'https://registry.npmjs.org/bower/-/bower-1.2.6.tgz',
55 verbose addRemoteTarball   'a8b7bd344601554821957b9ab62fb436febc674d' ]
56 info retry fetch attempt 1 at 20:13:41
57 verbose fetch to= /home/parallels/tmp/npm-3731-49JN6bFY/1378858421200-0.5944747612811625/tmp.tgz
58 http GET https://registry.npmjs.org/bower/-/bower-1.2.6.tgz
59 http 200 https://registry.npmjs.org/bower/-/bower-1.2.6.tgz
60 verbose tar unpack /home/parallels/tmp/npm-3731-49JN6bFY/1378858421200-0.5944747612811625/tmp.tgz
61 silly lockFile 97c75be2-21200-0-5944747612811625-package tar:///home/parallels/tmp/npm-3731-49JN6bFY/1378858421200-0.5944747612811625/package
62 verbose lock tar:///home/parallels/tmp/npm-3731-49JN6bFY/1378858421200-0.5944747612811625/package /home/parallels/.npm/97c75be2-21200-0-5944747612811625-package.lock
63 silly lockFile 476f2fb8-21200-0-5944747612811625-tmp-tgz tar:///home/parallels/tmp/npm-3731-49JN6bFY/1378858421200-0.5944747612811625/tmp.tgz
64 verbose lock tar:///home/parallels/tmp/npm-3731-49JN6bFY/1378858421200-0.5944747612811625/tmp.tgz /home/parallels/.npm/476f2fb8-21200-0-5944747612811625-tmp-tgz.lock
65 silly gunzTarPerm modes [ '755', '644' ]
66 silly gunzTarPerm extractEntry package.json
67 silly gunzTarPerm extractEntry .npmignore
68 silly gunzTarPerm extractEntry README.md
69 silly gunzTarPerm extractEntry LICENSE
70 silly gunzTarPerm extractEntry Gruntfile.js
71 silly gunzTarPerm extractEntry CONTRIBUTING.md
72 silly gunzTarPerm extractEntry .editorconfig
73 silly gunzTarPerm extractEntry .jshintrc
74 silly gunzTarPerm extractEntry .travis.yml
75 silly gunzTarPerm extractEntry bin/bower
76 silly gunzTarPerm extractEntry lib/config.js
77 silly gunzTarPerm extractEntry lib/index.js
78 silly gunzTarPerm extractEntry lib/commands/update.js
79 silly gunzTarPerm extractEntry lib/commands/index.js
80 silly gunzTarPerm extractEntry lib/commands/info.js
81 silly gunzTarPerm extractEntry lib/commands/init.js
82 silly gunzTarPerm extractEntry lib/commands/install.js
83 silly gunzTarPerm extractEntry lib/commands/home.js
84 silly gunzTarPerm extractEntry lib/commands/list.js
85 silly gunzTarPerm extractEntry lib/commands/lookup.js
86 silly gunzTarPerm extractEntry lib/commands/prune.js
87 silly gunzTarPerm extractEntry lib/commands/register.js
88 silly gunzTarPerm extractEntry lib/commands/search.js
89 silly gunzTarPerm extractEntry lib/commands/help.js
90 silly gunzTarPerm extractEntry lib/commands/uninstall.js
91 silly gunzTarPerm extractEntry lib/commands/completion.js
92 silly gunzTarPerm extractEntry lib/commands/link.js
93 silly gunzTarPerm extractEntry lib/commands/cache/clean.js
94 silly gunzTarPerm extractEntry lib/commands/cache/index.js
95 silly gunzTarPerm extractEntry lib/commands/cache/list.js
96 silly gunzTarPerm extractEntry lib/core/Manager.js
97 silly gunzTarPerm extractEntry lib/core/PackageRepository.js
98 silly gunzTarPerm extractEntry lib/core/Project.js
99 silly gunzTarPerm extractEntry lib/core/ResolveCache.js
100 silly gunzTarPerm extractEntry lib/core/resolverFactory.js
101 silly gunzTarPerm extractEntry lib/core/resolvers/FsResolver.js
102 silly gunzTarPerm extractEntry lib/core/resolvers/GitFsResolver.js
103 silly gunzTarPerm extractEntry lib/core/resolvers/GitHubResolver.js
104 silly gunzTarPerm extractEntry lib/core/resolvers/GitRemoteResolver.js
105 silly gunzTarPerm extractEntry lib/core/resolvers/GitResolver.js
106 silly gunzTarPerm extractEntry lib/core/resolvers/Resolver.js
107 silly gunzTarPerm extractEntry lib/core/resolvers/UrlResolver.js
108 silly gunzTarPerm extractEntry lib/core/resolvers/index.js
109 silly gunzTarPerm extractEntry lib/renderers/JsonRenderer.js
110 silly gunzTarPerm extractEntry lib/renderers/StandardRenderer.js
111 silly gunzTarPerm extractEntry lib/renderers/index.js
112 silly gunzTarPerm extractEntry lib/util/cli.js
113 silly gunzTarPerm extractEntry lib/util/createError.js
114 silly gunzTarPerm extractEntry lib/util/createLink.js
115 silly gunzTarPerm extractEntry lib/util/download.js
116 silly gunzTarPerm extractEntry lib/util/extract.js
117 silly gunzTarPerm extractEntry lib/util/copy.js
118 silly gunzTarPerm extractEntry lib/util/readJson.js
119 silly gunzTarPerm extractEntry lib/util/removeIgnores.js
120 silly gunzTarPerm extractEntry lib/util/rootCheck.js
121 silly gunzTarPerm extractEntry lib/util/semver.js
122 silly gunzTarPerm extractEntry lib/util/template.js
123 silly gunzTarPerm extractEntry lib/util/cmd.js
124 silly gunzTarPerm extractEntry lib/util/validLink.js
125 silly gunzTarPerm extractEntry lib/util/md5.js
126 silly gunzTarPerm extractEntry CHANGELOG.md
127 silly gunzTarPerm extractEntry templates/helpers/colors.js
128 silly gunzTarPerm extractEntry templates/helpers/condense.js
129 silly gunzTarPerm extractEntry templates/helpers/indent.js
130 silly gunzTarPerm extractEntry templates/helpers/index.js
131 silly gunzTarPerm extractEntry templates/helpers/rpad.js
132 silly gunzTarPerm extractEntry templates/helpers/sum.js
133 silly gunzTarPerm extractEntry templates/json/help-list.json
134 silly gunzTarPerm extractEntry templates/json/help-cache/clean.json
135 silly gunzTarPerm extractEntry templates/json/help-cache/list.json
136 silly gunzTarPerm extractEntry templates/json/help-home.json
137 silly gunzTarPerm extractEntry templates/json/help-info.json
138 silly gunzTarPerm extractEntry templates/json/help-init.json
139 silly gunzTarPerm extractEntry templates/json/help-install.json
140 silly gunzTarPerm extractEntry templates/json/help-link.json
141 silly gunzTarPerm extractEntry templates/json/help-cache.json
142 silly gunzTarPerm extractEntry templates/json/help-lookup.json
143 silly gunzTarPerm extractEntry templates/json/help-prune.json
144 silly gunzTarPerm extractEntry templates/json/help-register.json
145 silly gunzTarPerm extractEntry templates/json/help-search.json
146 silly gunzTarPerm extractEntry templates/json/help-uninstall.json
147 silly gunzTarPerm extractEntry templates/json/help-update.json
148 silly gunzTarPerm extractEntry templates/json/help.json
149 silly gunzTarPerm extractEntry templates/std/conflict-resolved.std
150 silly gunzTarPerm extractEntry templates/std/conflict.std
151 silly gunzTarPerm extractEntry templates/std/help-cache.std
152 silly gunzTarPerm extractEntry templates/std/help-generic.std
153 silly gunzTarPerm extractEntry templates/std/help.std
154 silly gunzTarPerm extractEntry templates/std/info.std
155 silly gunzTarPerm extractEntry templates/std/lookup.std
156 silly gunzTarPerm extractEntry templates/std/register.std
157 silly gunzTarPerm extractEntry templates/std/search-results.std
158 silly gunzTarPerm extractEntry templates/std/update-notice.std
159 silly gunzTarPerm extractEntry test/packages.js
160 silly gunzTarPerm extractEntry test/test.js
161 silly gunzTarPerm extractEntry test/assets/package-tar.tar.gz
162 silly gunzTarPerm extractEntry test/assets/package-zip-folder-single-file.zip
163 silly gunzTarPerm extractEntry test/assets/package-zip-folder.zip
164 silly gunzTarPerm extractEntry test/assets/package-zip-single-bower-json.zip
165 silly gunzTarPerm extractEntry test/assets/package-zip-single-component-json.zip
166 silly gunzTarPerm extractEntry test/assets/package-zip-single-file.zip
167 silly gunzTarPerm extractEntry test/assets/package-zip.zip
168 silly gunzTarPerm extractEntry test/assets/resolve-cache/list-json-1.json
169 silly gunzTarPerm extractEntry test/assets/test-temp-dir/test-exception.js
170 silly gunzTarPerm extractEntry test/assets/test-temp-dir/test.js
171 silly gunzTarPerm extractEntry test/core/packageRepository.js
172 silly gunzTarPerm extractEntry test/core/resolveCache.js
173 silly gunzTarPerm extractEntry test/core/resolverFactory.js
174 silly gunzTarPerm extractEntry test/core/resolvers/fsResolver.js
175 silly gunzTarPerm extractEntry test/core/resolvers/gitFsResolver.js
176 silly gunzTarPerm extractEntry test/core/resolvers/gitHubResolver.js
177 silly gunzTarPerm extractEntry test/core/resolvers/gitRemoteResolver.js
178 silly gunzTarPerm extractEntry test/core/resolvers/gitResolver.js
179 silly gunzTarPerm extractEntry test/core/resolvers/resolver.js
180 silly gunzTarPerm extractEntry test/core/resolvers/urlResolver.js
181 silly gunzTarPerm extractEntry test/packages.json
182 silly lockFile 97c75be2-21200-0-5944747612811625-package tar:///home/parallels/tmp/npm-3731-49JN6bFY/1378858421200-0.5944747612811625/package
183 silly lockFile 97c75be2-21200-0-5944747612811625-package tar:///home/parallels/tmp/npm-3731-49JN6bFY/1378858421200-0.5944747612811625/package
184 silly lockFile 476f2fb8-21200-0-5944747612811625-tmp-tgz tar:///home/parallels/tmp/npm-3731-49JN6bFY/1378858421200-0.5944747612811625/tmp.tgz
185 silly lockFile 476f2fb8-21200-0-5944747612811625-tmp-tgz tar:///home/parallels/tmp/npm-3731-49JN6bFY/1378858421200-0.5944747612811625/tmp.tgz
186 verbose tar pack [ '/home/parallels/.npm/bower/1.2.6/package.tgz',
186 verbose tar pack   '/home/parallels/tmp/npm-3731-49JN6bFY/1378858421200-0.5944747612811625/package' ]
187 verbose tarball /home/parallels/.npm/bower/1.2.6/package.tgz
188 verbose folder /home/parallels/tmp/npm-3731-49JN6bFY/1378858421200-0.5944747612811625/package
189 silly lockFile 97c75be2-21200-0-5944747612811625-package tar:///home/parallels/tmp/npm-3731-49JN6bFY/1378858421200-0.5944747612811625/package
190 verbose lock tar:///home/parallels/tmp/npm-3731-49JN6bFY/1378858421200-0.5944747612811625/package /home/parallels/.npm/97c75be2-21200-0-5944747612811625-package.lock
191 silly lockFile 50ab2f7e-lels-npm-bower-1-2-6-package-tgz tar:///home/parallels/.npm/bower/1.2.6/package.tgz
192 verbose lock tar:///home/parallels/.npm/bower/1.2.6/package.tgz /home/parallels/.npm/50ab2f7e-lels-npm-bower-1-2-6-package-tgz.lock
193 silly lockFile 97c75be2-21200-0-5944747612811625-package tar:///home/parallels/tmp/npm-3731-49JN6bFY/1378858421200-0.5944747612811625/package
194 silly lockFile 97c75be2-21200-0-5944747612811625-package tar:///home/parallels/tmp/npm-3731-49JN6bFY/1378858421200-0.5944747612811625/package
195 silly lockFile 50ab2f7e-lels-npm-bower-1-2-6-package-tgz tar:///home/parallels/.npm/bower/1.2.6/package.tgz
196 silly lockFile 50ab2f7e-lels-npm-bower-1-2-6-package-tgz tar:///home/parallels/.npm/bower/1.2.6/package.tgz
197 silly lockFile 8b7fe4e3-arallels-npm-bower-1-2-6-package /home/parallels/.npm/bower/1.2.6/package
198 verbose lock /home/parallels/.npm/bower/1.2.6/package /home/parallels/.npm/8b7fe4e3-arallels-npm-bower-1-2-6-package.lock
199 silly lockFile 8b7fe4e3-arallels-npm-bower-1-2-6-package /home/parallels/.npm/bower/1.2.6/package
200 silly lockFile 8b7fe4e3-arallels-npm-bower-1-2-6-package /home/parallels/.npm/bower/1.2.6/package
201 verbose tar unpack /home/parallels/.npm/bower/1.2.6/package.tgz
202 silly lockFile 86a8cff6-arallels-npm-bower-1-2-6-package tar:///home/parallels/.npm/bower/1.2.6/package
203 verbose lock tar:///home/parallels/.npm/bower/1.2.6/package /home/parallels/.npm/86a8cff6-arallels-npm-bower-1-2-6-package.lock
204 silly lockFile 50ab2f7e-lels-npm-bower-1-2-6-package-tgz tar:///home/parallels/.npm/bower/1.2.6/package.tgz
205 verbose lock tar:///home/parallels/.npm/bower/1.2.6/package.tgz /home/parallels/.npm/50ab2f7e-lels-npm-bower-1-2-6-package-tgz.lock
206 silly gunzTarPerm modes [ '755', '644' ]
207 silly gunzTarPerm extractEntry package.json
208 silly gunzTarPerm extractEntry .npmignore
209 silly gunzTarPerm extractEntry README.md
210 silly gunzTarPerm extractEntry LICENSE
211 silly gunzTarPerm extractEntry Gruntfile.js
212 silly gunzTarPerm extractEntry CONTRIBUTING.md
213 silly gunzTarPerm extractEntry .editorconfig
214 silly gunzTarPerm extractEntry .jshintrc
215 silly gunzTarPerm extractEntry .travis.yml
216 silly gunzTarPerm extractEntry bin/bower
217 silly gunzTarPerm extractEntry lib/config.js
218 silly gunzTarPerm extractEntry lib/index.js
219 silly gunzTarPerm extractEntry lib/commands/update.js
220 silly gunzTarPerm extractEntry lib/commands/index.js
221 silly gunzTarPerm extractEntry lib/commands/info.js
222 silly gunzTarPerm extractEntry lib/commands/init.js
223 silly gunzTarPerm extractEntry lib/commands/install.js
224 silly gunzTarPerm extractEntry lib/commands/home.js
225 silly gunzTarPerm extractEntry lib/commands/list.js
226 silly gunzTarPerm extractEntry lib/commands/lookup.js
227 silly gunzTarPerm extractEntry lib/commands/prune.js
228 silly gunzTarPerm extractEntry lib/commands/register.js
229 silly gunzTarPerm extractEntry lib/commands/search.js
230 silly gunzTarPerm extractEntry lib/commands/help.js
231 silly gunzTarPerm extractEntry lib/commands/uninstall.js
232 silly gunzTarPerm extractEntry lib/commands/completion.js
233 silly gunzTarPerm extractEntry lib/commands/link.js
234 silly gunzTarPerm extractEntry lib/commands/cache/clean.js
235 silly gunzTarPerm extractEntry lib/commands/cache/index.js
236 silly gunzTarPerm extractEntry lib/commands/cache/list.js
237 silly gunzTarPerm extractEntry lib/core/Manager.js
238 silly gunzTarPerm extractEntry lib/core/PackageRepository.js
239 silly gunzTarPerm extractEntry lib/core/Project.js
240 silly gunzTarPerm extractEntry lib/core/ResolveCache.js
241 silly gunzTarPerm extractEntry lib/core/resolverFactory.js
242 silly gunzTarPerm extractEntry lib/core/resolvers/FsResolver.js
243 silly gunzTarPerm extractEntry lib/core/resolvers/GitFsResolver.js
244 silly gunzTarPerm extractEntry lib/core/resolvers/GitHubResolver.js
245 silly gunzTarPerm extractEntry lib/core/resolvers/GitRemoteResolver.js
246 silly gunzTarPerm extractEntry lib/core/resolvers/GitResolver.js
247 silly gunzTarPerm extractEntry lib/core/resolvers/Resolver.js
248 silly gunzTarPerm extractEntry lib/core/resolvers/UrlResolver.js
249 silly gunzTarPerm extractEntry lib/core/resolvers/index.js
250 silly gunzTarPerm extractEntry lib/renderers/JsonRenderer.js
251 silly gunzTarPerm extractEntry lib/renderers/StandardRenderer.js
252 silly gunzTarPerm extractEntry lib/renderers/index.js
253 silly gunzTarPerm extractEntry lib/util/cli.js
254 silly gunzTarPerm extractEntry lib/util/createError.js
255 silly gunzTarPerm extractEntry lib/util/createLink.js
256 silly gunzTarPerm extractEntry lib/util/download.js
257 silly gunzTarPerm extractEntry lib/util/extract.js
258 silly gunzTarPerm extractEntry lib/util/copy.js
259 silly gunzTarPerm extractEntry lib/util/readJson.js
260 silly gunzTarPerm extractEntry lib/util/removeIgnores.js
261 silly gunzTarPerm extractEntry lib/util/rootCheck.js
262 silly gunzTarPerm extractEntry lib/util/semver.js
263 silly gunzTarPerm extractEntry lib/util/template.js
264 silly gunzTarPerm extractEntry lib/util/cmd.js
265 silly gunzTarPerm extractEntry lib/util/validLink.js
266 silly gunzTarPerm extractEntry lib/util/md5.js
267 silly gunzTarPerm extractEntry CHANGELOG.md
268 silly gunzTarPerm extractEntry templates/helpers/colors.js
269 silly gunzTarPerm extractEntry templates/helpers/condense.js
270 silly gunzTarPerm extractEntry templates/helpers/indent.js
271 silly gunzTarPerm extractEntry templates/helpers/index.js
272 silly gunzTarPerm extractEntry templates/helpers/rpad.js
273 silly gunzTarPerm extractEntry templates/helpers/sum.js
274 silly gunzTarPerm extractEntry templates/json/help-list.json
275 silly gunzTarPerm extractEntry templates/json/help-cache/clean.json
276 silly gunzTarPerm extractEntry templates/json/help-cache/list.json
277 silly gunzTarPerm extractEntry templates/json/help-home.json
278 silly gunzTarPerm extractEntry templates/json/help-info.json
279 silly gunzTarPerm extractEntry templates/json/help-init.json
280 silly gunzTarPerm extractEntry templates/json/help-install.json
281 silly gunzTarPerm extractEntry templates/json/help-link.json
282 silly gunzTarPerm extractEntry templates/json/help-cache.json
283 silly gunzTarPerm extractEntry templates/json/help-lookup.json
284 silly gunzTarPerm extractEntry templates/json/help-prune.json
285 silly gunzTarPerm extractEntry templates/json/help-register.json
286 silly gunzTarPerm extractEntry templates/json/help-search.json
287 silly gunzTarPerm extractEntry templates/json/help-uninstall.json
288 silly gunzTarPerm extractEntry templates/json/help-update.json
289 silly gunzTarPerm extractEntry templates/json/help.json
290 silly gunzTarPerm extractEntry templates/std/conflict-resolved.std
291 silly gunzTarPerm extractEntry templates/std/conflict.std
292 silly gunzTarPerm extractEntry templates/std/help-cache.std
293 silly gunzTarPerm extractEntry templates/std/help-generic.std
294 silly gunzTarPerm extractEntry templates/std/help.std
295 silly gunzTarPerm extractEntry templates/std/info.std
296 silly gunzTarPerm extractEntry templates/std/lookup.std
297 silly gunzTarPerm extractEntry templates/std/register.std
298 silly gunzTarPerm extractEntry templates/std/search-results.std
299 silly gunzTarPerm extractEntry templates/std/update-notice.std
300 silly gunzTarPerm extractEntry test/packages.js
301 silly gunzTarPerm extractEntry test/test.js
302 silly gunzTarPerm extractEntry test/assets/package-tar.tar.gz
303 silly gunzTarPerm extractEntry test/assets/package-zip-folder-single-file.zip
304 silly gunzTarPerm extractEntry test/assets/package-zip-folder.zip
305 silly gunzTarPerm extractEntry test/assets/package-zip-single-bower-json.zip
306 silly gunzTarPerm extractEntry test/assets/package-zip-single-component-json.zip
307 silly gunzTarPerm extractEntry test/assets/package-zip-single-file.zip
308 silly gunzTarPerm extractEntry test/assets/package-zip.zip
309 silly gunzTarPerm extractEntry test/assets/resolve-cache/list-json-1.json
310 silly gunzTarPerm extractEntry test/assets/test-temp-dir/test-exception.js
311 silly gunzTarPerm extractEntry test/assets/test-temp-dir/test.js
312 silly gunzTarPerm extractEntry test/core/packageRepository.js
313 silly gunzTarPerm extractEntry test/core/resolveCache.js
314 silly gunzTarPerm extractEntry test/core/resolverFactory.js
315 silly gunzTarPerm extractEntry test/core/resolvers/fsResolver.js
316 silly gunzTarPerm extractEntry test/core/resolvers/gitFsResolver.js
317 silly gunzTarPerm extractEntry test/core/resolvers/gitHubResolver.js
318 silly gunzTarPerm extractEntry test/core/resolvers/gitRemoteResolver.js
319 silly gunzTarPerm extractEntry test/core/resolvers/gitResolver.js
320 silly gunzTarPerm extractEntry test/core/resolvers/resolver.js
321 silly gunzTarPerm extractEntry test/core/resolvers/urlResolver.js
322 silly gunzTarPerm extractEntry test/packages.json
323 silly lockFile 86a8cff6-arallels-npm-bower-1-2-6-package tar:///home/parallels/.npm/bower/1.2.6/package
324 silly lockFile 86a8cff6-arallels-npm-bower-1-2-6-package tar:///home/parallels/.npm/bower/1.2.6/package
325 silly lockFile 50ab2f7e-lels-npm-bower-1-2-6-package-tgz tar:///home/parallels/.npm/bower/1.2.6/package.tgz
326 silly lockFile 50ab2f7e-lels-npm-bower-1-2-6-package-tgz tar:///home/parallels/.npm/bower/1.2.6/package.tgz
327 verbose chmod /home/parallels/.npm/bower/1.2.6/package.tgz 644
328 verbose chown /home/parallels/.npm/bower/1.2.6/package.tgz [ 1000, 1000 ]
329 silly lockFile 6ada2e9f--npmjs-org-bower-bower-1-2-6-tgz https://registry.npmjs.org/bower/-/bower-1.2.6.tgz
330 silly lockFile 6ada2e9f--npmjs-org-bower-bower-1-2-6-tgz https://registry.npmjs.org/bower/-/bower-1.2.6.tgz
331 silly lockFile 0ffe99e1-bower-1-2-6 bower@1.2.6
332 silly lockFile 0ffe99e1-bower-1-2-6 bower@1.2.6
333 silly lockFile b788227f-bower bower@*
334 silly lockFile b788227f-bower bower@*
335 info outdated updating [ [ '/usr/lib/node_modules/yeoman',
335 info outdated     'bower',
335 info outdated     '0.3.2',
335 info outdated     '0.3.2',
335 info outdated     '~0.3.0' ],
335 info outdated   [ '/usr/lib', 'bower', '1.1.2', '1.2.6', '*' ] ]
336 verbose install where,what [ '/usr/lib/node_modules/yeoman', [ 'bower@0.3.2' ] ]
337 verbose install where,what [ '/usr/lib', [ 'bower@1.2.6' ] ]
338 verbose readDependencies using package.json deps
339 verbose cache add [ 'bower@0.3.2', null ]
340 verbose cache add name=undefined spec="bower@0.3.2" args=["bower@0.3.2",null]
341 verbose parsed url { protocol: null,
341 verbose parsed url   slashes: null,
341 verbose parsed url   auth: null,
341 verbose parsed url   host: null,
341 verbose parsed url   port: null,
341 verbose parsed url   hostname: null,
341 verbose parsed url   hash: null,
341 verbose parsed url   search: null,
341 verbose parsed url   query: null,
341 verbose parsed url   pathname: 'bower@0.3.2',
341 verbose parsed url   path: 'bower@0.3.2',
341 verbose parsed url   href: 'bower@0.3.2' }
342 verbose cache add name="bower" spec="0.3.2" args=["bower","0.3.2"]
343 verbose parsed url { protocol: null,
343 verbose parsed url   slashes: null,
343 verbose parsed url   auth: null,
343 verbose parsed url   host: null,
343 verbose parsed url   port: null,
343 verbose parsed url   hostname: null,
343 verbose parsed url   hash: null,
343 verbose parsed url   search: null,
343 verbose parsed url   query: null,
343 verbose parsed url   pathname: '0.3.2',
343 verbose parsed url   path: '0.3.2',
343 verbose parsed url   href: '0.3.2' }
344 verbose addNamed [ 'bower', '0.3.2' ]
345 verbose addNamed [ '0.3.2', '0.3.2' ]
346 silly lockFile dc6374eb-bower-0-3-2 bower@0.3.2
347 verbose lock bower@0.3.2 /home/parallels/.npm/dc6374eb-bower-0-3-2.lock
348 verbose url raw bower/0.3.2
349 verbose url resolving [ 'https://registry.npmjs.org/', './bower/0.3.2' ]
350 verbose url resolved https://registry.npmjs.org/bower/0.3.2
351 info trying registry request attempt 1 at 20:13:43
352 http GET https://registry.npmjs.org/bower/0.3.2
353 verbose cache add [ 'bower@1.2.6', null ]
354 verbose cache add name=undefined spec="bower@1.2.6" args=["bower@1.2.6",null]
355 verbose parsed url { protocol: null,
355 verbose parsed url   slashes: null,
355 verbose parsed url   auth: null,
355 verbose parsed url   host: null,
355 verbose parsed url   port: null,
355 verbose parsed url   hostname: null,
355 verbose parsed url   hash: null,
355 verbose parsed url   search: null,
355 verbose parsed url   query: null,
355 verbose parsed url   pathname: 'bower@1.2.6',
355 verbose parsed url   path: 'bower@1.2.6',
355 verbose parsed url   href: 'bower@1.2.6' }
356 verbose cache add name="bower" spec="1.2.6" args=["bower","1.2.6"]
357 verbose parsed url { protocol: null,
357 verbose parsed url   slashes: null,
357 verbose parsed url   auth: null,
357 verbose parsed url   host: null,
357 verbose parsed url   port: null,
357 verbose parsed url   hostname: null,
357 verbose parsed url   hash: null,
357 verbose parsed url   search: null,
357 verbose parsed url   query: null,
357 verbose parsed url   pathname: '1.2.6',
357 verbose parsed url   path: '1.2.6',
357 verbose parsed url   href: '1.2.6' }
358 verbose addNamed [ 'bower', '1.2.6' ]
359 verbose addNamed [ '1.2.6', '1.2.6' ]
360 silly lockFile 0ffe99e1-bower-1-2-6 bower@1.2.6
361 verbose lock bower@1.2.6 /home/parallels/.npm/0ffe99e1-bower-1-2-6.lock
362 verbose url raw bower/1.2.6
363 verbose url resolving [ 'https://registry.npmjs.org/', './bower/1.2.6' ]
364 verbose url resolved https://registry.npmjs.org/bower/1.2.6
365 info trying registry request attempt 1 at 20:13:43
366 http GET https://registry.npmjs.org/bower/1.2.6
367 http 200 https://registry.npmjs.org/bower/0.3.2
368 silly registry.get cb [ 200,
368 silly registry.get   { vary: 'Accept',
368 silly registry.get     server: 'CouchDB/1.3.1 (Erlang OTP/R15B03)',
368 silly registry.get     etag: '"7VG0LXJRJRWK3SJBXV2YINGMK"',
368 silly registry.get     date: 'Wed, 11 Sep 2013 00:13:43 GMT',
368 silly registry.get     'content-type': 'application/json',
368 silly registry.get     'content-length': '11738' } ]
369 silly lockFile 8735d580--npmjs-org-bower-bower-0-3-2-tgz https://registry.npmjs.org/bower/-/bower-0.3.2.tgz
370 verbose lock https://registry.npmjs.org/bower/-/bower-0.3.2.tgz /home/parallels/.npm/8735d580--npmjs-org-bower-bower-0-3-2-tgz.lock
371 verbose addRemoteTarball [ 'https://registry.npmjs.org/bower/-/bower-0.3.2.tgz',
371 verbose addRemoteTarball   '8553116cc03b3bf14e925125eee9b2bf355b67d5' ]
372 info retry fetch attempt 1 at 20:13:43
373 verbose fetch to= /home/parallels/tmp/npm-3731-49JN6bFY/1378858423722-0.9007149192038924/tmp.tgz
374 http GET https://registry.npmjs.org/bower/-/bower-0.3.2.tgz
375 http 200 https://registry.npmjs.org/bower/1.2.6
376 silly registry.get cb [ 200,
376 silly registry.get   { vary: 'Accept',
376 silly registry.get     server: 'CouchDB/1.3.1 (Erlang OTP/R15B03)',
376 silly registry.get     etag: '"7VG0LXJRJRWK3SJBXV2YINGMK"',
376 silly registry.get     date: 'Wed, 11 Sep 2013 00:13:43 GMT',
376 silly registry.get     'content-type': 'application/json',
376 silly registry.get     'content-length': '13800' } ]
377 silly lockFile 6ada2e9f--npmjs-org-bower-bower-1-2-6-tgz https://registry.npmjs.org/bower/-/bower-1.2.6.tgz
378 verbose lock https://registry.npmjs.org/bower/-/bower-1.2.6.tgz /home/parallels/.npm/6ada2e9f--npmjs-org-bower-bower-1-2-6-tgz.lock
379 verbose addRemoteTarball [ 'https://registry.npmjs.org/bower/-/bower-1.2.6.tgz',
379 verbose addRemoteTarball   'a8b7bd344601554821957b9ab62fb436febc674d' ]
380 info retry fetch attempt 1 at 20:13:43
381 verbose fetch to= /home/parallels/tmp/npm-3731-49JN6bFY/1378858423752-0.601689841132611/tmp.tgz
382 http GET https://registry.npmjs.org/bower/-/bower-1.2.6.tgz
383 http 200 https://registry.npmjs.org/bower/-/bower-0.3.2.tgz
384 http 200 https://registry.npmjs.org/bower/-/bower-1.2.6.tgz
385 verbose tar unpack /home/parallels/tmp/npm-3731-49JN6bFY/1378858423722-0.9007149192038924/tmp.tgz
386 silly lockFile 7dfdd8b7-23722-0-9007149192038924-package tar:///home/parallels/tmp/npm-3731-49JN6bFY/1378858423722-0.9007149192038924/package
387 verbose lock tar:///home/parallels/tmp/npm-3731-49JN6bFY/1378858423722-0.9007149192038924/package /home/parallels/.npm/7dfdd8b7-23722-0-9007149192038924-package.lock
388 silly lockFile a5c91d87-23722-0-9007149192038924-tmp-tgz tar:///home/parallels/tmp/npm-3731-49JN6bFY/1378858423722-0.9007149192038924/tmp.tgz
389 verbose lock tar:///home/parallels/tmp/npm-3731-49JN6bFY/1378858423722-0.9007149192038924/tmp.tgz /home/parallels/.npm/a5c91d87-23722-0-9007149192038924-tmp-tgz.lock
390 silly gunzTarPerm modes [ '755', '644' ]
391 silly gunzTarPerm extractEntry package.json
392 silly gunzTarPerm extractEntry .npmignore
393 silly gunzTarPerm extractEntry README.md
394 silly gunzTarPerm extractEntry LICENSE
395 silly gunzTarPerm extractEntry .travis.yml
396 silly gunzTarPerm extractEntry bin/bower
397 silly gunzTarPerm extractEntry lib/index.js
398 silly gunzTarPerm extractEntry lib/commands/cache-clean.js
399 silly gunzTarPerm extractEntry lib/commands/index.js
400 silly gunzTarPerm extractEntry lib/commands/info.js
401 silly gunzTarPerm extractEntry lib/commands/install.js
402 silly gunzTarPerm extractEntry lib/commands/help.js
403 silly gunzTarPerm extractEntry lib/commands/lookup.js
404 silly gunzTarPerm extractEntry lib/commands/register.js
405 silly gunzTarPerm extractEntry lib/commands/search.js
406 silly gunzTarPerm extractEntry lib/commands/uninstall.js
407 silly gunzTarPerm extractEntry lib/commands/update.js
408 silly gunzTarPerm extractEntry lib/commands/list.js
409 silly gunzTarPerm extractEntry lib/core/config.js
410 silly gunzTarPerm extractEntry lib/core/manager.js
411 silly gunzTarPerm extractEntry lib/core/package.js
412 silly gunzTarPerm extractEntry lib/core/source.js
413 silly gunzTarPerm extractEntry lib/core/unit_work.js
414 silly gunzTarPerm extractEntry lib/util/file-exists.js
415 silly gunzTarPerm extractEntry lib/util/hogan-colors.js
416 silly gunzTarPerm extractEntry lib/util/prune.js
417 silly gunzTarPerm extractEntry lib/util/read-json.js
418 silly gunzTarPerm extractEntry lib/util/save.js
419 silly gunzTarPerm extractEntry lib/util/template.js
420 silly gunzTarPerm extractEntry Makefile
421 silly gunzTarPerm extractEntry templates/help-update.mustache
422 silly gunzTarPerm extractEntry templates/action.mustache
423 silly gunzTarPerm extractEntry templates/error.mustache
424 silly gunzTarPerm extractEntry templates/help-cache-clean.mustache
425 silly gunzTarPerm extractEntry templates/help-info.mustache
426 silly gunzTarPerm extractEntry templates/help-install.mustache
427 silly gunzTarPerm extractEntry templates/help-list.mustache
428 silly gunzTarPerm extractEntry templates/help-lookup.mustache
429 silly gunzTarPerm extractEntry templates/help-register.mustache
430 silly gunzTarPerm extractEntry templates/help-search.mustache
431 silly gunzTarPerm extractEntry templates/help-uninstall.mustache
432 silly gunzTarPerm extractEntry templates/complete.mustache
433 silly gunzTarPerm extractEntry templates/help.mustache
434 silly gunzTarPerm extractEntry templates/info.mustache
435 silly gunzTarPerm extractEntry templates/lookup.mustache
436 silly gunzTarPerm extractEntry templates/register.mustache
437 silly gunzTarPerm extractEntry templates/search-empty.mustache
438 silly gunzTarPerm extractEntry templates/search.mustache
439 silly gunzTarPerm extractEntry templates/suggestions.mustache
440 silly gunzTarPerm extractEntry templates/tree-branch.mustache
441 silly gunzTarPerm extractEntry templates/warn.mustache
442 silly gunzTarPerm extractEntry templates/warning-missing.mustache
443 silly gunzTarPerm extractEntry templates/warning-uninstall.mustache
444 silly gunzTarPerm extractEntry test/cache-clean.js
445 silly gunzTarPerm extractEntry test/help.js
446 silly gunzTarPerm extractEntry test/info.js
447 silly gunzTarPerm extractEntry test/manager.js
448 silly gunzTarPerm extractEntry test/package.js
449 silly gunzTarPerm extractEntry test/assets/package-no-json/index.js
450 silly gunzTarPerm extractEntry test/assets/package-bootstrap/index.js
451 silly gunzTarPerm extractEntry test/assets/package-bootstrap/component.json
452 silly gunzTarPerm extractEntry test/assets/package-invalid-json/index.js
453 silly gunzTarPerm extractEntry test/assets/package-invalid-json/component.json
454 silly gunzTarPerm extractEntry test/assets/package-jquery/foo.js
455 silly gunzTarPerm extractEntry test/assets/package-jquery/index.js
456 silly gunzTarPerm extractEntry test/assets/package-jquery/component.json
457 silly gunzTarPerm extractEntry test/assets/package-jquery-copy/index.js
458 silly gunzTarPerm extractEntry test/assets/package-jquery-copy/component.json
459 silly gunzTarPerm extractEntry test/assets/package-deps-on-jquery/component.json
460 silly gunzTarPerm extractEntry test/assets/project/.npmignore
461 silly gunzTarPerm extractEntry test/assets/project/component.json
462 silly gunzTarPerm extractEntry test/assets/project-nested/component.json
463 silly gunzTarPerm extractEntry test/assets/project-nested-conflict/component.json
464 silly gunzTarPerm extractEntry test/assets/project-static/component.json
465 silly gunzTarPerm extractEntry test/assets/sprockets/.npmignore
466 silly gunzTarPerm extractEntry test/assets/sprockets/assets/application.js
467 silly gunzTarPerm extractEntry test/assets/sprockets/component.json
468 silly gunzTarPerm extractEntry test/assets/sprockets/Rakefile
469 silly lockFile 7dfdd8b7-23722-0-9007149192038924-package tar:///home/parallels/tmp/npm-3731-49JN6bFY/1378858423722-0.9007149192038924/package
470 silly lockFile 7dfdd8b7-23722-0-9007149192038924-package tar:///home/parallels/tmp/npm-3731-49JN6bFY/1378858423722-0.9007149192038924/package
471 silly lockFile a5c91d87-23722-0-9007149192038924-tmp-tgz tar:///home/parallels/tmp/npm-3731-49JN6bFY/1378858423722-0.9007149192038924/tmp.tgz
472 silly lockFile a5c91d87-23722-0-9007149192038924-tmp-tgz tar:///home/parallels/tmp/npm-3731-49JN6bFY/1378858423722-0.9007149192038924/tmp.tgz
473 verbose tar pack [ '/home/parallels/.npm/bower/0.3.2/package.tgz',
473 verbose tar pack   '/home/parallels/tmp/npm-3731-49JN6bFY/1378858423722-0.9007149192038924/package' ]
474 verbose tarball /home/parallels/.npm/bower/0.3.2/package.tgz
475 verbose folder /home/parallels/tmp/npm-3731-49JN6bFY/1378858423722-0.9007149192038924/package
476 silly lockFile 7dfdd8b7-23722-0-9007149192038924-package tar:///home/parallels/tmp/npm-3731-49JN6bFY/1378858423722-0.9007149192038924/package
477 verbose lock tar:///home/parallels/tmp/npm-3731-49JN6bFY/1378858423722-0.9007149192038924/package /home/parallels/.npm/7dfdd8b7-23722-0-9007149192038924-package.lock
478 silly lockFile 1d005420-lels-npm-bower-0-3-2-package-tgz tar:///home/parallels/.npm/bower/0.3.2/package.tgz
479 verbose lock tar:///home/parallels/.npm/bower/0.3.2/package.tgz /home/parallels/.npm/1d005420-lels-npm-bower-0-3-2-package-tgz.lock
480 verbose tar unpack /home/parallels/tmp/npm-3731-49JN6bFY/1378858423752-0.601689841132611/tmp.tgz
481 silly lockFile 6660645e-423752-0-601689841132611-package tar:///home/parallels/tmp/npm-3731-49JN6bFY/1378858423752-0.601689841132611/package
482 verbose lock tar:///home/parallels/tmp/npm-3731-49JN6bFY/1378858423752-0.601689841132611/package /home/parallels/.npm/6660645e-423752-0-601689841132611-package.lock
483 silly lockFile 24f8bb02-423752-0-601689841132611-tmp-tgz tar:///home/parallels/tmp/npm-3731-49JN6bFY/1378858423752-0.601689841132611/tmp.tgz
484 verbose lock tar:///home/parallels/tmp/npm-3731-49JN6bFY/1378858423752-0.601689841132611/tmp.tgz /home/parallels/.npm/24f8bb02-423752-0-601689841132611-tmp-tgz.lock
485 silly gunzTarPerm modes [ '755', '644' ]
486 silly gunzTarPerm extractEntry package.json
487 silly gunzTarPerm extractEntry .npmignore
488 silly gunzTarPerm extractEntry README.md
489 silly gunzTarPerm extractEntry LICENSE
490 silly gunzTarPerm extractEntry Gruntfile.js
491 silly gunzTarPerm extractEntry CONTRIBUTING.md
492 silly gunzTarPerm extractEntry .editorconfig
493 silly gunzTarPerm extractEntry .jshintrc
494 silly gunzTarPerm extractEntry .travis.yml
495 silly gunzTarPerm extractEntry bin/bower
496 silly gunzTarPerm extractEntry lib/config.js
497 silly gunzTarPerm extractEntry lib/index.js
498 silly gunzTarPerm extractEntry lib/commands/update.js
499 silly gunzTarPerm extractEntry lib/commands/index.js
500 silly gunzTarPerm extractEntry lib/commands/info.js
501 silly gunzTarPerm extractEntry lib/commands/init.js
502 silly gunzTarPerm extractEntry lib/commands/install.js
503 silly gunzTarPerm extractEntry lib/commands/home.js
504 silly gunzTarPerm extractEntry lib/commands/list.js
505 silly gunzTarPerm extractEntry lib/commands/lookup.js
506 silly gunzTarPerm extractEntry lib/commands/prune.js
507 silly gunzTarPerm extractEntry lib/commands/register.js
508 silly gunzTarPerm extractEntry lib/commands/search.js
509 silly gunzTarPerm extractEntry lib/commands/help.js
510 silly gunzTarPerm extractEntry lib/commands/uninstall.js
511 silly gunzTarPerm extractEntry lib/commands/completion.js
512 silly gunzTarPerm extractEntry lib/commands/link.js
513 silly lockFile 7dfdd8b7-23722-0-9007149192038924-package tar:///home/parallels/tmp/npm-3731-49JN6bFY/1378858423722-0.9007149192038924/package
514 silly lockFile 7dfdd8b7-23722-0-9007149192038924-package tar:///home/parallels/tmp/npm-3731-49JN6bFY/1378858423722-0.9007149192038924/package
515 silly lockFile 1d005420-lels-npm-bower-0-3-2-package-tgz tar:///home/parallels/.npm/bower/0.3.2/package.tgz
516 silly lockFile 1d005420-lels-npm-bower-0-3-2-package-tgz tar:///home/parallels/.npm/bower/0.3.2/package.tgz
517 silly lockFile 7a9e32f8-arallels-npm-bower-0-3-2-package /home/parallels/.npm/bower/0.3.2/package
518 verbose lock /home/parallels/.npm/bower/0.3.2/package /home/parallels/.npm/7a9e32f8-arallels-npm-bower-0-3-2-package.lock
519 silly gunzTarPerm extractEntry lib/commands/cache/clean.js
520 silly gunzTarPerm extractEntry lib/commands/cache/index.js
521 silly gunzTarPerm extractEntry lib/commands/cache/list.js
522 silly gunzTarPerm extractEntry lib/core/Manager.js
523 silly gunzTarPerm extractEntry lib/core/PackageRepository.js
524 silly gunzTarPerm extractEntry lib/core/Project.js
525 silly lockFile 7a9e32f8-arallels-npm-bower-0-3-2-package /home/parallels/.npm/bower/0.3.2/package
526 silly lockFile 7a9e32f8-arallels-npm-bower-0-3-2-package /home/parallels/.npm/bower/0.3.2/package
527 verbose tar unpack /home/parallels/.npm/bower/0.3.2/package.tgz
528 silly lockFile 7cc954e1-arallels-npm-bower-0-3-2-package tar:///home/parallels/.npm/bower/0.3.2/package
529 verbose lock tar:///home/parallels/.npm/bower/0.3.2/package /home/parallels/.npm/7cc954e1-arallels-npm-bower-0-3-2-package.lock
530 silly lockFile 1d005420-lels-npm-bower-0-3-2-package-tgz tar:///home/parallels/.npm/bower/0.3.2/package.tgz
531 verbose lock tar:///home/parallels/.npm/bower/0.3.2/package.tgz /home/parallels/.npm/1d005420-lels-npm-bower-0-3-2-package-tgz.lock
532 silly gunzTarPerm modes [ '755', '644' ]
533 silly gunzTarPerm extractEntry package.json
534 silly gunzTarPerm extractEntry lib/core/ResolveCache.js
535 silly gunzTarPerm extractEntry lib/core/resolverFactory.js
536 silly gunzTarPerm extractEntry .npmignore
537 silly gunzTarPerm extractEntry README.md
538 silly gunzTarPerm extractEntry lib/core/resolvers/FsResolver.js
539 silly gunzTarPerm extractEntry lib/core/resolvers/GitFsResolver.js
540 silly gunzTarPerm extractEntry LICENSE
541 silly gunzTarPerm extractEntry .travis.yml
542 silly gunzTarPerm extractEntry Makefile
543 silly gunzTarPerm extractEntry lib/core/resolvers/GitHubResolver.js
544 silly gunzTarPerm extractEntry lib/core/resolvers/GitRemoteResolver.js
545 silly gunzTarPerm extractEntry lib/core/resolvers/GitResolver.js
546 silly gunzTarPerm extractEntry lib/core/resolvers/Resolver.js
547 silly gunzTarPerm extractEntry bin/bower
548 silly gunzTarPerm extractEntry lib/index.js
549 silly gunzTarPerm extractEntry lib/core/resolvers/UrlResolver.js
550 silly gunzTarPerm extractEntry lib/core/resolvers/index.js
551 silly gunzTarPerm extractEntry lib/commands/cache-clean.js
552 silly gunzTarPerm extractEntry lib/commands/index.js
553 silly gunzTarPerm extractEntry lib/renderers/JsonRenderer.js
554 silly gunzTarPerm extractEntry lib/renderers/StandardRenderer.js
555 silly gunzTarPerm extractEntry lib/commands/info.js
556 silly gunzTarPerm extractEntry lib/commands/install.js
557 silly gunzTarPerm extractEntry lib/commands/help.js
558 silly gunzTarPerm extractEntry lib/commands/lookup.js
559 silly gunzTarPerm extractEntry lib/renderers/index.js
560 silly gunzTarPerm extractEntry lib/util/cli.js
561 silly gunzTarPerm extractEntry lib/util/createError.js
562 silly gunzTarPerm extractEntry lib/util/createLink.js
563 silly gunzTarPerm extractEntry lib/commands/register.js
564 silly gunzTarPerm extractEntry lib/commands/search.js
565 silly gunzTarPerm extractEntry lib/commands/uninstall.js
566 silly gunzTarPerm extractEntry lib/commands/update.js
567 silly gunzTarPerm extractEntry lib/util/download.js
568 silly gunzTarPerm extractEntry lib/util/extract.js
569 silly gunzTarPerm extractEntry lib/commands/list.js
570 silly gunzTarPerm extractEntry lib/core/config.js
571 silly gunzTarPerm extractEntry lib/util/copy.js
572 silly gunzTarPerm extractEntry lib/util/readJson.js
573 silly gunzTarPerm extractEntry lib/core/manager.js
574 silly gunzTarPerm extractEntry lib/core/package.js
575 silly gunzTarPerm extractEntry lib/util/removeIgnores.js
576 silly gunzTarPerm extractEntry lib/util/rootCheck.js
577 silly gunzTarPerm extractEntry lib/core/source.js
578 silly gunzTarPerm extractEntry lib/core/unit_work.js
579 silly gunzTarPerm extractEntry lib/util/semver.js
580 silly gunzTarPerm extractEntry lib/util/template.js
581 silly gunzTarPerm extractEntry lib/util/file-exists.js
582 silly gunzTarPerm extractEntry lib/util/hogan-colors.js
583 silly gunzTarPerm extractEntry lib/util/prune.js
584 silly gunzTarPerm extractEntry lib/util/read-json.js
585 silly gunzTarPerm extractEntry lib/util/cmd.js
586 silly gunzTarPerm extractEntry lib/util/validLink.js
587 silly gunzTarPerm extractEntry lib/util/save.js
588 silly gunzTarPerm extractEntry lib/util/template.js
589 silly gunzTarPerm extractEntry lib/util/md5.js
590 silly gunzTarPerm extractEntry CHANGELOG.md
591 silly gunzTarPerm extractEntry templates/helpers/colors.js
592 silly gunzTarPerm extractEntry templates/helpers/condense.js
593 silly gunzTarPerm extractEntry templates/help-update.mustache
594 silly gunzTarPerm extractEntry templates/action.mustache
595 silly gunzTarPerm extractEntry templates/error.mustache
596 silly gunzTarPerm extractEntry templates/help-cache-clean.mustache
597 silly gunzTarPerm extractEntry templates/help-info.mustache
598 silly gunzTarPerm extractEntry templates/help-install.mustache
599 silly gunzTarPerm extractEntry templates/help-list.mustache
600 silly gunzTarPerm extractEntry templates/help-lookup.mustache
601 silly gunzTarPerm extractEntry templates/help-register.mustache
602 silly gunzTarPerm extractEntry templates/help-search.mustache
603 silly gunzTarPerm extractEntry templates/help-uninstall.mustache
604 silly gunzTarPerm extractEntry templates/complete.mustache
605 silly gunzTarPerm extractEntry templates/helpers/indent.js
606 silly gunzTarPerm extractEntry templates/helpers/index.js
607 silly gunzTarPerm extractEntry templates/help.mustache
608 silly gunzTarPerm extractEntry templates/info.mustache
609 silly gunzTarPerm extractEntry templates/helpers/rpad.js
610 silly gunzTarPerm extractEntry templates/lookup.mustache
611 silly gunzTarPerm extractEntry templates/register.mustache
612 silly gunzTarPerm extractEntry templates/search-empty.mustache
613 silly gunzTarPerm extractEntry templates/search.mustache
614 silly gunzTarPerm extractEntry templates/helpers/sum.js
615 silly gunzTarPerm extractEntry templates/json/help-list.json
616 silly gunzTarPerm extractEntry templates/suggestions.mustache
617 silly gunzTarPerm extractEntry templates/tree-branch.mustache
618 silly gunzTarPerm extractEntry templates/warn.mustache
619 silly gunzTarPerm extractEntry templates/warning-missing.mustache
620 silly gunzTarPerm extractEntry templates/warning-uninstall.mustache
621 silly gunzTarPerm extractEntry test/cache-clean.js
622 silly gunzTarPerm extractEntry templates/json/help-cache/clean.json
623 silly gunzTarPerm extractEntry templates/json/help-cache/list.json
624 silly gunzTarPerm extractEntry test/help.js
625 silly gunzTarPerm extractEntry test/info.js
626 silly gunzTarPerm extractEntry test/manager.js
627 silly gunzTarPerm extractEntry test/package.js
628 silly gunzTarPerm extractEntry templates/json/help-home.json
629 silly gunzTarPerm extractEntry templates/json/help-info.json
630 silly gunzTarPerm extractEntry test/assets/package-no-json/index.js
631 silly gunzTarPerm extractEntry test/assets/package-bootstrap/index.js
632 silly gunzTarPerm extractEntry test/assets/package-bootstrap/component.json
633 silly gunzTarPerm extractEntry test/assets/package-invalid-json/index.js
634 silly gunzTarPerm extractEntry templates/json/help-init.json
635 silly gunzTarPerm extractEntry templates/json/help-install.json
636 silly gunzTarPerm extractEntry test/assets/package-invalid-json/component.json
637 silly gunzTarPerm extractEntry test/assets/package-jquery/foo.js
638 silly gunzTarPerm extractEntry templates/json/help-link.json
639 silly gunzTarPerm extractEntry templates/json/help-cache.json
640 silly gunzTarPerm extractEntry test/assets/package-jquery/index.js
641 silly gunzTarPerm extractEntry test/assets/package-jquery/component.json
642 silly gunzTarPerm extractEntry test/assets/package-jquery-copy/index.js
643 silly gunzTarPerm extractEntry test/assets/package-jquery-copy/component.json
644 silly gunzTarPerm extractEntry templates/json/help-lookup.json
645 silly gunzTarPerm extractEntry templates/json/help-prune.json
646 silly gunzTarPerm extractEntry test/assets/package-deps-on-jquery/component.json
647 silly gunzTarPerm extractEntry test/assets/project/.npmignore
648 silly gunzTarPerm extractEntry test/assets/project/component.json
649 silly gunzTarPerm extractEntry test/assets/project-nested/component.json
650 silly gunzTarPerm extractEntry test/assets/project-nested-conflict/component.json
651 silly gunzTarPerm extractEntry test/assets/project-static/component.json
652 silly gunzTarPerm extractEntry templates/json/help-register.json
653 silly gunzTarPerm extractEntry templates/json/help-search.json
654 silly gunzTarPerm extractEntry test/assets/sprockets/.npmignore
655 silly gunzTarPerm extractEntry test/assets/sprockets/Rakefile
656 silly gunzTarPerm extractEntry test/assets/sprockets/assets/application.js
657 silly gunzTarPerm extractEntry test/assets/sprockets/component.json
658 silly gunzTarPerm extractEntry templates/json/help-uninstall.json
659 silly gunzTarPerm extractEntry templates/json/help-update.json
660 silly gunzTarPerm extractEntry templates/json/help.json
661 silly gunzTarPerm extractEntry templates/std/conflict-resolved.std
662 silly gunzTarPerm extractEntry templates/std/conflict.std
663 silly gunzTarPerm extractEntry templates/std/help-cache.std
664 silly gunzTarPerm extractEntry templates/std/help-generic.std
665 silly gunzTarPerm extractEntry templates/std/help.std
666 silly gunzTarPerm extractEntry templates/std/info.std
667 silly gunzTarPerm extractEntry templates/std/lookup.std
668 silly gunzTarPerm extractEntry templates/std/register.std
669 silly gunzTarPerm extractEntry templates/std/search-results.std
670 silly gunzTarPerm extractEntry templates/std/update-notice.std
671 silly gunzTarPerm extractEntry test/packages.js
672 silly gunzTarPerm extractEntry test/test.js
673 silly gunzTarPerm extractEntry test/assets/package-tar.tar.gz
674 silly gunzTarPerm extractEntry test/assets/package-zip-folder-single-file.zip
675 silly gunzTarPerm extractEntry test/assets/package-zip-folder.zip
676 silly gunzTarPerm extractEntry test/assets/package-zip-single-bower-json.zip
677 silly gunzTarPerm extractEntry test/assets/package-zip-single-component-json.zip
678 silly gunzTarPerm extractEntry test/assets/package-zip-single-file.zip
679 silly gunzTarPerm extractEntry test/assets/package-zip.zip
680 silly gunzTarPerm extractEntry test/assets/resolve-cache/list-json-1.json
681 silly gunzTarPerm extractEntry test/assets/test-temp-dir/test-exception.js
682 silly gunzTarPerm extractEntry test/assets/test-temp-dir/test.js
683 silly gunzTarPerm extractEntry test/core/packageRepository.js
684 silly gunzTarPerm extractEntry test/core/resolveCache.js
685 silly gunzTarPerm extractEntry test/core/resolverFactory.js
686 silly gunzTarPerm extractEntry test/core/resolvers/fsResolver.js
687 silly gunzTarPerm extractEntry test/core/resolvers/gitFsResolver.js
688 silly gunzTarPerm extractEntry test/core/resolvers/gitHubResolver.js
689 silly gunzTarPerm extractEntry test/core/resolvers/gitRemoteResolver.js
690 silly gunzTarPerm extractEntry test/core/resolvers/gitResolver.js
691 silly gunzTarPerm extractEntry test/core/resolvers/resolver.js
692 silly gunzTarPerm extractEntry test/core/resolvers/urlResolver.js
693 silly gunzTarPerm extractEntry test/packages.json
694 silly lockFile 7cc954e1-arallels-npm-bower-0-3-2-package tar:///home/parallels/.npm/bower/0.3.2/package
695 silly lockFile 7cc954e1-arallels-npm-bower-0-3-2-package tar:///home/parallels/.npm/bower/0.3.2/package
696 silly lockFile 1d005420-lels-npm-bower-0-3-2-package-tgz tar:///home/parallels/.npm/bower/0.3.2/package.tgz
697 silly lockFile 1d005420-lels-npm-bower-0-3-2-package-tgz tar:///home/parallels/.npm/bower/0.3.2/package.tgz
698 verbose chmod /home/parallels/.npm/bower/0.3.2/package.tgz 644
699 verbose chown /home/parallels/.npm/bower/0.3.2/package.tgz [ 1000, 1000 ]
700 silly lockFile 8735d580--npmjs-org-bower-bower-0-3-2-tgz https://registry.npmjs.org/bower/-/bower-0.3.2.tgz
701 silly lockFile 8735d580--npmjs-org-bower-bower-0-3-2-tgz https://registry.npmjs.org/bower/-/bower-0.3.2.tgz
702 silly lockFile dc6374eb-bower-0-3-2 bower@0.3.2
703 silly lockFile dc6374eb-bower-0-3-2 bower@0.3.2
704 silly resolved [ { name: 'bower',
704 silly resolved     description: 'The browser package manager.',
704 silly resolved     version: '0.3.2',
704 silly resolved     author: { name: 'Twitter' },
704 silly resolved     licenses: [ [Object] ],
704 silly resolved     main: 'lib',
704 silly resolved     homepage: 'http://twitter.github.com/bower',
704 silly resolved     engines: { node: '>=0.8.0' },
704 silly resolved     dependencies:
704 silly resolved      { tmp: '~0.0.15',
704 silly resolved        vows: '~0.6.4',
704 silly resolved        glob: '~3.1.14',
704 silly resolved        nopt: '~2.0.0',
704 silly resolved        archy: '~0.0.2',
704 silly resolved        async: '~0.1.22',
704 silly resolved        colors: '~0.6.0-1',
704 silly resolved        rimraf: '~2.0.2',
704 silly resolved        mkdirp: '~0.3.4',
704 silly resolved        semver: '~1.1.0',
704 silly resolved        request: '~2.11.4',
704 silly resolved        fstream: '~0.1.19',
704 silly resolved        'hogan.js': '~2.0.0',
704 silly resolved        lodash: '~0.9.1',
704 silly resolved        'read-package-json': '~0.1.8',
704 silly resolved        stable: '~0.1.2',
704 silly resolved        rc: '~0.0.6' },
704 silly resolved     scripts: { test: 'mocha -R spec -t 20000' },
704 silly resolved     devDependencies: { mocha: '~1.6.0', nock: '~0.13.5' },
704 silly resolved     bin: { bower: 'bin/bower' },
704 silly resolved     preferGlobal: true,
704 silly resolved     readme: 'BOWER [![Build Status](https://secure.travis-ci.org/twitter/bower.png)](http://travis-ci.org/twitter/bower)\n=====\n\n### Introduction\n\nBower is a package manager for the web. Bower lets you easily install assets such as images, CSS and JavaScript, and manages dependencies for you.\n\nFor example, to install a package, run:\n\n    bower install jquery\n\nThis will download jQuery to `./components/jquery`. That\'s it. The idea is that Bower does package management and package management only.\n\n### Installing Bower\n\nBower is installed using [Node](http://nodejs.org/) and [npm](http://npmjs.org/) (oh my, how meta).\n\n    npm install bower -g\n\n### Usage\n\nYour best friend at this stage is probably `bower --help`.\n\nTo install a package:\n\n    bower install jquery\n    bower install git://github.com/maccman/package-jquery.git\n    bower install http://code.jquery.com/jquery-1.7.2.js\n    bower install ./repos/jquery\n\nAs you can see, packages can be installed by name, Git endpoint, URL or local path.\n\n[View all packages available through Bower\'s registry](http://sindresorhus.com/bower-components/).\n\nDuring install you can have Bower add an entry to your component.json as well:\n\n    bower install --save jquery\n\nTo update a package, reference it by name:\n\n    bower update jquery-ui\n\nTo list installed packages:\n\n    bower list\n\nTo search for packages:\n\n    bower search [name]\n\nTo list all the available packages, just call `bower search` without specifying a name.\n\nTo clean the cache:\n\n    bower cache-clean [name]\n\nSeveral packages can be cleaned at the same time.\nTo clean the entire cache, just call `bower cache-clean` without any names.\nAlso, both the install and update commands have a `--force` flag that tells bower to bypass the cache and always fetch remote sources.\n\nYou can disable colors by using the `--no-color` flag.\n\n### Bower Configuration\n\nBower can be configured by creating a .bowerrc file in your home folder (usually ~/bowerrc) with one or all of the following configuration parameters. You can also configure Bower on a per-project basis by creating a .bowerrc file in the project directory, Bower will merge this configuration with the configuration found in your home directory. This allows you to version your project specific Bower configuration with the rest of your code base.\n\n```json\n{\n  "directory" : "components",\n  "json"      : "component.json",\n  "endpoint"  : "https://bower.herokuapp.com"\n}\n```\n\nTo run your own Bower Endpoint for custom components/packages that are behind a firewall you can use a simple implementation of bower server at https://github.com/twitter/bower-server.\n\n\n### Defining a package\n\nYou can create a `component.json` file in your project\'s root, specifying all of its dependencies. This is similar to Node\'s `package.json`, or Ruby\'s `Gemfile`, and is useful for locking down a project\'s dependencies.\n\n```json\n{\n  "name": "myProject",\n  "version": "1.0.0",\n  "main": "./path/to/main.css",\n  "dependencies": {\n    "jquery": "~1.7.2"\n  }\n}\n```\n\nPut this under your project\'s root, listing all of your dependencies. When you run `bower install`, Bower will read this `component.json` file, resolve all the relevant dependencies and install them.\n\nFor now, `name`, `version`, `main`, and `dependencies` are the only properties that are used by Bower. If you have several files you\'re distributing as part of your package, pass an array to `main` like this:\n\n```json\n{\n  "name": "myProject",\n  "version": "1.0.0",\n  "main": ["./path/to/app.css", "./path/to/app.js", "./path/to/sprite.img"],\n  "dependencies": {\n    "jquery": "~1.7.2"\n  }\n}\n```\n\nThere should only be at most one file per file type in the `main` list. So only one `.js` or `.css`.\n\n### Installing dependencies\n\nDependencies are installed locally via the `bower install` command. First theyre resolved to find conflicts. Then theyre downloaded and unpacked in a local subdirectory called `./components`, for example:\n\n\n```\n/component.json\n/components/jquery/index.js\n/components/jquery/component.json\n```\n\nYou can also install packages one at a time `bower install git://my/git/thing`\n\nThere are no system wide dependencies, no dependencies are shared between different apps, and the dependency tree is flat.\n\n### Deploying\n\nThe easiest approach is to use Bower statically, just reference the packages manually from a script tag:\n\n    <script src="components/jquery/index.js"></script>\n\nFor more complex projects, you\'ll probably want to concatenate your scripts. Bower is just a package manager, but there are lots of awesome libraries out there to help you do this, such as [Sprockets](https://github.com/sstephenson/sprockets) and [RequireJS](http://requirejs.org/).\n\nFor example, to use Sprockets:\n\n```ruby\nenvironment = Sprockets::Environment.new\nenvironment.append_path \'components\'\nenvironment.append_path \'public\'\nrun environment\n```\n\n### Package Consumption\n\nBower also makes available a source mappingthis can be used by build tools to easily consume Bower components.\n\nIf you pass the option `--map` to bower\'s `list` command, it will generate a JSON with dependency objects. Alternatively, you can pass the `--paths` flag to the `list` command to get a simple path to name mapping:\n\n```json\n{\n  "backbone": "components/backbone/index.js",\n  "jquery": "components/jquery/index.js",\n  "underscore": "components/underscore/index.js"\n}\n```\n\n### Authoring packages\n\nTo register a new package, it\'s as simple as specifying a `component.json`, pushing the package to a Git endpoint, say GitHub, and running:\n\n    bower register myawesomepackagename git://github.com/maccmans/face\n\nThere\'s no authentication or user management. It\'s on a first come, first served basis. Think of it like a URL shortener. Now anyone can run `bower install myawesomepackagename`, and get your library installed.\n\nThere is no direct way to unregister a package yet. Meanwhile you can request it [here](https://github.com/twitter/bower/issues/120).\n\n### Philosophy\n\nCurrently, people are managing dependencies, such as JavaScript libraries, manually. This sucks, and we want to change it.\n\nIn a nutshell, Bower is a generic tool which will resolve dependencies and lock packages down to a version. It runs over Git, and is package-agnostic. A package may contain JavaScript, CSS, images, etc., and doesn\'t rely on any particular transport (AMD, CommonJS, etc.).\n\nBower then makes available a simple programmatic API which exposes the package dependency model, so that existing build tools (like Sprockets, LoadBuilder, curls.js, Ender, etc.) can consume it and build files accordingly.\n\n\n### Programmatic API\n\nBower provides a pretty powerful programmatic api. All commands can be accessed through the `bower.commands` object.\n\n```js\nvar bower = require(\'bower\');\n\nbower.commands\n  .install(paths, options)\n  .on(\'end\', function (data) {\n    data && console.log(data);\n  });\n```\n\nAll commands emit three types of events: `data`, `end`, and `error`.\n\nFor a better of idea how this works, you may want to check out [our bin file](https://github.com/twitter/bower/blob/master/bin/bower).\n\n### FAQ\n\n**What distinguishes Bower from Jam, Volo, Component, or Ender? What does it do better?**\n\nBower is a lower level component than Jam, Volo, Component, or Ender. These managers could consume Bower as a dependency.\n\nBower\'s aim is simply to install Git paths, resolve dependencies from a `component.json`, check versions, and then provide an API which reports on these things. Nothing more. This is a major diversion from past attempts at browser package management.\n\nBower is working under the assumption that there is a single, common problem in frontend application development: dependency resolution. Past attempts (Jam, Volo, Ender, Component) try to tackle this problem in such a way that they actually end up alienating and further segregating the JavaScript community around transports (Sprockets, CommonJS, RequireJS, regular script tags).\n\nBower offers a generic, unopinionated solution to the problem of package management, while exposing an API that can be consumed by a more opinionated build stack.\n\n\n**Volo is an arguably more established project and works with the GitHub search API. Will it take long for Bower to contain a decent number of packages?**\n\nBower (being a Git powered package manager) should, in theory, be capable of consuming every package that Volo does, with the additional benefit of supporting internal networks and other Git repositories not hosted on GitHub.\n\n**We recently saw what happened when the main NPM registry went down. Is a single point of failure possible for Bower and if so, do you have redundancy planned?**\n\nThere\'s no redundancy planned at the moment, as Bower just installs Git URLs. It\'s up to the URL provider to establish redundancy.\n\n**Isn\'t having a `package.json` file going to conflict with my npm\'s `package.json`? Will this be a problem?**\n\nDon\'t use a `package.json`  use a `component.json`.\n\n**Bower is an open-source Twitter project. How well can we expect it to be maintained in the future?**\n\nTwitter is in the process of migrating its frontend architecture onto Bower, so it\'s fairly safe to say it will be maintained and invested in going forward.\n\n\n### Contact\n\nHave a question? Ask on our mailing list!\n\ntwitter-bower@googlegroups.com\n\nhttp://groups.google.com/group/twitter-bower\n\n### Authors\n\n+ [@fat](http://github.com/fat)\n+ [@maccman](http://github.com/maccman)\n+ [@satazor](http://github.com/satazor)\n\nThanks for assistance and contributions:\n\n+ [@addyosmani](http://github.com/addyosmani)\n+ [@angus-c](http://github.com/angus-c)\n+ [@borismus](http://github.com/borismus)\n+ [@chriseppstein](http://github.com/chriseppstein)\n+ [@danwrong](http://github.com/danwrong)\n+ [@desandro](http://github.com/desandro)\n+ [@isaacs](http://github.com/isaacs)\n+ [@josh](http://github.com/josh)\n+ [@jrburke](http://github.com/jrburke)\n+ [@mklabs](http://github.com/mklabs)\n+ [@paulirish](http://github.com/paulirish)\n+ [@rvagg](http://github.com/rvagg)\n+ [@sindresorhus](http://github.com/sindresorhus)\n+ [@SlexAxton](http://github.com/SlexAxton)\n+ [@sstephenson](http://github.com/sstephenson)\n+ [@tomdale](http://github.com/tomdale)\n+ [@visionmedia](http://github.com/visionmedia)\n+ [@wagenet](http://github.com/wagenet)\n+ [@wycats](http://github.com/wycats)\n\n## License\n\nCopyright 2012 Twitter, Inc.\n\nLicensed under the MIT License\n',
704 silly resolved     readmeFilename: 'README.md',
704 silly resolved     _id: 'bower@0.3.2',
704 silly resolved     _from: 'bower@0.3.2',
704 silly resolved     dist: { shasum: 'ea8fb1272e73a039014354fd5909302f955a0630' },
704 silly resolved     _resolved: 'https://registry.npmjs.org/bower/-/bower-0.3.2.tgz' } ]
705 info install bower@0.3.2 into /usr/lib/node_modules/yeoman
706 info installOne bower@0.3.2
707 info /usr/lib/node_modules/yeoman/node_modules/bower unbuild
708 info preuninstall bower@0.3.2
709 info uninstall bower@0.3.2
710 verbose false,/usr/lib/node_modules,/usr/lib/node_modules/yeoman/node_modules unbuild bower@0.3.2
711 verbose /usr/lib/node_modules/yeoman/node_modules/.bin,[object Object] binRoot
712 info /usr/lib/node_modules/yeoman/node_modules/bower unbuild
713 info preuninstall bower@0.3.2
714 info uninstall bower@0.3.2
715 verbose false,/usr/lib/node_modules,/usr/lib/node_modules/yeoman/node_modules unbuild bower@0.3.2
716 verbose /usr/lib/node_modules/yeoman/node_modules/.bin,[object Object] binRoot
717 error error rolling back Error: EACCES, unlink '/usr/lib/node_modules/yeoman/node_modules/.bin/bower'
717 error error rolling back  bower@0.3.2 { [Error: EACCES, unlink '/usr/lib/node_modules/yeoman/node_modules/.bin/bower']
717 error error rolling back   errno: 3,
717 error error rolling back   code: 'EACCES',
717 error error rolling back   path: '/usr/lib/node_modules/yeoman/node_modules/.bin/bower' }
718 error Error: EACCES, unlink '/usr/lib/node_modules/yeoman/node_modules/.bin/bower'
718 error  { [Error: EACCES, unlink '/usr/lib/node_modules/yeoman/node_modules/.bin/bower']
718 error   errno: 3,
718 error   code: 'EACCES',
718 error   path: '/usr/lib/node_modules/yeoman/node_modules/.bin/bower' }
719 error Please try running this command again as root/Administrator.
720 error System Linux 3.2.0-52-generic
721 error command "/usr/bin/node" "/usr/bin/npm" "update" "-g" "bower"
722 error cwd /home/parallels/Source/IADSS/web
723 error node -v v0.10.17
724 error npm -v 1.3.8
725 error path /usr/lib/node_modules/yeoman/node_modules/.bin/bower
726 error code EACCES
727 error errno 3
728 error stack Error: EACCES, unlink '/usr/lib/node_modules/yeoman/node_modules/.bin/bower'
729 verbose exit [ 3, true ]
